<?xml version="1.0" encoding="UTF-8"?>
<!-- Generated by org.testng.reporters.JUnitXMLReporter -->
<testsuite ignored="1" hostname="LAPTOP-2P3PO75B" failures="0" tests="1" name="Default test" time="0.094" errors="0" timestamp="2022-06-24T13:00:02 IST">
  <testcase classname="test.DashBoardPageTest" name="buysharevalidation" time="0.012"/>
  <testcase classname="test.DashBoardPageTest" name="searchValidation" time="0.0">
    <ignored/>
  </testcase> <!-- searchValidation -->
</testsuite> <!-- Default test -->
